<?xml version="1.0" encoding="UTF-8"?>
<!-- Generated by org.testng.reporters.JUnitReportReporter -->
<testsuite hostname="HCAH-L-PF19KTHT" failures="0" tests="1" name="CustomerApp.TestCasePackage.SendOTP" time="2.333" errors="0" timestamp="2021-02-08T16:59:28 IST" skipped="0">
  <testcase classname="CustomerApp.TestCasePackage.SendOTP" name="sendOTP" time="2.333"/>
  <system-out/>
</testsuite> <!-- CustomerApp.TestCasePackage.SendOTP -->
