<?xml version="1.0" encoding="UTF-8"?>
<!-- Generated by org.testng.reporters.JUnitReportReporter -->
<testsuite hostname="HCAH-L-PF19KTHT" failures="0" tests="1" name="PartialUpdateBooking" time="5.378" errors="0" timestamp="2021-02-08T23:50:04 IST" skipped="0">
  <testcase classname="PartialUpdateBooking" name="updateBooking" time="5.378"/>
  <system-out/>
</testsuite> <!-- PartialUpdateBooking -->
