<?xml version="1.0" encoding="UTF-8"?>
<!-- Generated by org.testng.reporters.JUnitReportReporter -->
<testsuite hostname="HCAH-L-PF19KTHT" failures="0" tests="1" name="DeleteBooking" time="5.410" errors="0" timestamp="2021-02-08T23:50:04 IST" skipped="0">
  <testcase classname="DeleteBooking" name="getBookingIDs" time="5.410"/>
  <system-out/>
</testsuite> <!-- DeleteBooking -->
